c:\users\yoshiki\documents\g016a1331\2年前期\tgs2017\widehead\project\project\release\vc140.pdb
c:\users\yoshiki\documents\g016a1331\2年前期\tgs2017\widehead\project\project\release\enemycommandbase.obj
c:\users\yoshiki\documents\g016a1331\2年前期\tgs2017\widehead\project\project\release\enemycommandmanagerorder.obj
c:\users\yoshiki\documents\g016a1331\2年前期\tgs2017\widehead\project\project\release\enemycommandmanagernull.obj
c:\users\yoshiki\documents\g016a1331\2年前期\tgs2017\widehead\project\project\release\enemycommandmanagernormal.obj
c:\users\yoshiki\documents\g016a1331\2年前期\tgs2017\widehead\project\project\release\enemycommandmanagerbase.obj
c:\users\yoshiki\documents\g016a1331\2年前期\tgs2017\widehead\project\project\release\gamemanager.obj
c:\users\yoshiki\documents\g016a1331\2年前期\tgs2017\widehead\project\project\release\gameframe.obj
c:\users\yoshiki\documents\g016a1331\2年前期\tgs2017\widehead\project\project\release\transform.obj
c:\users\yoshiki\documents\g016a1331\2年前期\tgs2017\widehead\project\project\release\statemgr.obj
c:\users\yoshiki\documents\g016a1331\2年前期\tgs2017\widehead\project\project\release\state.obj
c:\users\yoshiki\documents\g016a1331\2年前期\tgs2017\widehead\project\project\release\nullactor.obj
c:\users\yoshiki\documents\g016a1331\2年前期\tgs2017\widehead\project\project\release\hitpoint.obj
c:\users\yoshiki\documents\g016a1331\2年前期\tgs2017\widehead\project\project\release\nullbody.obj
c:\users\yoshiki\documents\g016a1331\2年前期\tgs2017\widehead\project\project\release\bodyfactory.obj
c:\users\yoshiki\documents\g016a1331\2年前期\tgs2017\widehead\project\project\release\aasegment2d.obj
c:\users\yoshiki\documents\g016a1331\2年前期\tgs2017\widehead\project\project\release\aabb2d.obj
c:\users\yoshiki\documents\g016a1331\2年前期\tgs2017\widehead\project\project\release\contactset.obj
c:\users\yoshiki\documents\g016a1331\2年前期\tgs2017\widehead\project\project\release\bodybase.obj
c:\users\yoshiki\documents\g016a1331\2年前期\tgs2017\widehead\project\project\release\actor.obj
c:\users\yoshiki\documents\g016a1331\2年前期\tgs2017\widehead\project\project\release\actormanager.obj
c:\users\yoshiki\documents\g016a1331\2年前期\tgs2017\widehead\project\project\release\enemymanager.obj
c:\users\yoshiki\documents\g016a1331\2年前期\tgs2017\widehead\project\project\release\enemygroup.obj
c:\users\yoshiki\documents\g016a1331\2年前期\tgs2017\widehead\project\project\release\enemycommandnull.obj
c:\users\yoshiki\documents\g016a1331\2年前期\tgs2017\widehead\project\project\release\enemycommandeb01straight.obj
c:\users\yoshiki\documents\g016a1331\2年前期\tgs2017\widehead\project\project\release\enemycommandenemy09standby.obj
c:\users\yoshiki\documents\g016a1331\2年前期\tgs2017\widehead\project\project\release\enemycommandenemy09rush.obj
c:\users\yoshiki\documents\g016a1331\2年前期\tgs2017\widehead\project\project\release\enemycommandenemy07spin.obj
c:\users\yoshiki\documents\g016a1331\2年前期\tgs2017\widehead\project\project\release\enemycommandenemy07patrol.obj
c:\users\yoshiki\documents\g016a1331\2年前期\tgs2017\widehead\project\project\release\enemycommandenemy04standby.obj
c:\users\yoshiki\documents\g016a1331\2年前期\tgs2017\widehead\project\project\release\enemycommandenemy02standby.obj
c:\users\yoshiki\documents\g016a1331\2年前期\tgs2017\widehead\project\project\release\enemycommandenemy01straight.obj
c:\users\yoshiki\documents\g016a1331\2年前期\tgs2017\widehead\project\project\release\enemycommandenemy01detour.obj
c:\users\yoshiki\documents\g016a1331\2年前期\tgs2017\widehead\project\project\release\enemycommandstraight.obj
c:\users\yoshiki\documents\g016a1331\2年前期\tgs2017\widehead\project\project\release\enemycommandstraighttw.obj
c:\users\yoshiki\documents\g016a1331\2年前期\tgs2017\widehead\project\project\release\enemycommandreturnregularpos.obj
c:\users\yoshiki\documents\g016a1331\2年前期\tgs2017\widehead\project\project\release\enemycommandpatrol.obj
c:\users\yoshiki\documents\g016a1331\2年前期\tgs2017\widehead\project\project\release\enemycommandmovebase.obj
c:\users\yoshiki\documents\g016a1331\2年前期\tgs2017\widehead\project\project\release\enemycommandalongwallmove.obj
c:\users\yoshiki\documents\g016a1331\2年前期\tgs2017\widehead\project\project\release\enemycommandgenerate.obj
c:\users\yoshiki\documents\g016a1331\2年前期\tgs2017\widehead\project\project\release\enemycommandrush.obj
c:\users\yoshiki\documents\g016a1331\2年前期\tgs2017\widehead\project\project\release\enemystateshot.obj
c:\users\yoshiki\documents\g016a1331\2年前期\tgs2017\widehead\project\project\release\enemystaterush.obj
c:\users\yoshiki\documents\g016a1331\2年前期\tgs2017\widehead\project\project\release\enemystaterushpreliminary.obj
c:\users\yoshiki\documents\g016a1331\2年前期\tgs2017\widehead\project\project\release\enemystateattackbase.obj
c:\users\yoshiki\documents\g016a1331\2年前期\tgs2017\widehead\project\project\release\enemystatemanager.obj
c:\users\yoshiki\documents\g016a1331\2年前期\tgs2017\widehead\project\project\release\playerwatch.obj
c:\users\yoshiki\documents\g016a1331\2年前期\tgs2017\widehead\project\project\release\enemy12.obj
c:\users\yoshiki\documents\g016a1331\2年前期\tgs2017\widehead\project\project\release\enemy11.obj
c:\users\yoshiki\documents\g016a1331\2年前期\tgs2017\widehead\project\project\release\enemy10.obj
c:\users\yoshiki\documents\g016a1331\2年前期\tgs2017\widehead\project\project\release\enemy09.obj
c:\users\yoshiki\documents\g016a1331\2年前期\tgs2017\widehead\project\project\release\enemy08.obj
c:\users\yoshiki\documents\g016a1331\2年前期\tgs2017\widehead\project\project\release\enemy07.obj
c:\users\yoshiki\documents\g016a1331\2年前期\tgs2017\widehead\project\project\release\enemy06.obj
c:\users\yoshiki\documents\g016a1331\2年前期\tgs2017\widehead\project\project\release\enemy05.obj
c:\users\yoshiki\documents\g016a1331\2年前期\tgs2017\widehead\project\project\release\enemy04.obj
c:\users\yoshiki\documents\g016a1331\2年前期\tgs2017\widehead\project\project\release\enemy03.obj
c:\users\yoshiki\documents\g016a1331\2年前期\tgs2017\widehead\project\project\release\enemy02.obj
c:\users\yoshiki\documents\g016a1331\2年前期\tgs2017\widehead\project\project\release\enemy01.obj
c:\users\yoshiki\documents\g016a1331\2年前期\tgs2017\widehead\project\project\release\enemybase.obj
c:\users\yoshiki\documents\g016a1331\2年前期\tgs2017\widehead\project\project\release\enemybullet01.obj
c:\users\yoshiki\documents\g016a1331\2年前期\tgs2017\widehead\project\project\release\enemystatemovebasestandard.obj
c:\users\yoshiki\documents\g016a1331\2年前期\tgs2017\widehead\project\project\release\enemystatemoverepel.obj
c:\users\yoshiki\documents\g016a1331\2年前期\tgs2017\widehead\project\project\release\enemystateidlerepel.obj
c:\users\yoshiki\documents\g016a1331\2年前期\tgs2017\widehead\project\project\release\enemystatemovebaserepel.obj
c:\users\yoshiki\documents\g016a1331\2年前期\tgs2017\widehead\project\project\release\enemystatemoveonlyintheback.obj
c:\users\yoshiki\documents\g016a1331\2年前期\tgs2017\widehead\project\project\release\enemystateidleonlyintheback.obj
c:\users\yoshiki\documents\g016a1331\2年前期\tgs2017\widehead\project\project\release\enemystatemovebaseonlyintheback.obj
c:\users\yoshiki\documents\g016a1331\2年前期\tgs2017\widehead\project\project\release\esentry.obj
c:\users\yoshiki\documents\g016a1331\2年前期\tgs2017\widehead\project\project\release\deadwall.obj
c:\users\yoshiki\documents\g016a1331\2年前期\tgs2017\widehead\project\project\release\enemystatedeadstandard.obj
c:\users\yoshiki\documents\g016a1331\2年前期\tgs2017\widehead\project\project\release\enemystatedeadinform.obj
c:\users\yoshiki\documents\g016a1331\2年前期\tgs2017\widehead\project\project\release\enemystatedeadinformchildren.obj
c:\users\yoshiki\documents\g016a1331\2年前期\tgs2017\widehead\project\project\release\enemystatedamage.obj
c:\users\yoshiki\documents\g016a1331\2年前期\tgs2017\widehead\project\project\release\enemystatecrushstandard.obj
c:\users\yoshiki\documents\g016a1331\2年前期\tgs2017\widehead\project\project\release\enemystatecrushspin.obj
c:\users\yoshiki\documents\g016a1331\2年前期\tgs2017\widehead\project\project\release\esgenerate.obj
c:\users\yoshiki\documents\g016a1331\2年前期\tgs2017\widehead\project\project\release\enemystatecaughtstandard.obj
c:\users\yoshiki\documents\g016a1331\2年前期\tgs2017\widehead\project\project\release\enemystatecaughtreleasedead.obj
c:\users\yoshiki\documents\g016a1331\2年前期\tgs2017\widehead\project\project\release\escaughtcharge.obj
c:\users\yoshiki\documents\g016a1331\2年前期\tgs2017\widehead\project\project\release\enemystatebase.obj
c:\users\yoshiki\documents\g016a1331\2年前期\tgs2017\widehead\project\project\release\playerstate_dead.obj
c:\users\yoshiki\documents\g016a1331\2年前期\tgs2017\widehead\project\project\release\playerstate_damage.obj
c:\users\yoshiki\documents\g016a1331\2年前期\tgs2017\widehead\project\project\release\playerstatemanager.obj
c:\users\yoshiki\documents\g016a1331\2年前期\tgs2017\widehead\project\project\release\playerstate.obj
c:\users\yoshiki\documents\g016a1331\2年前期\tgs2017\widehead\project\project\release\arm.obj
c:\users\yoshiki\documents\g016a1331\2年前期\tgs2017\widehead\project\project\release\smork_effect.obj
c:\users\yoshiki\documents\g016a1331\2年前期\tgs2017\widehead\project\project\release\respawn.obj
c:\users\yoshiki\documents\g016a1331\2年前期\tgs2017\widehead\project\project\release\repel_effect.obj
c:\users\yoshiki\documents\g016a1331\2年前期\tgs2017\widehead\project\project\release\pop_effect.obj
c:\users\yoshiki\documents\g016a1331\2年前期\tgs2017\widehead\project\project\release\neutral_explosion.obj
c:\users\yoshiki\documents\g016a1331\2年前期\tgs2017\widehead\project\project\release\dash_effect.obj
c:\users\yoshiki\documents\g016a1331\2年前期\tgs2017\widehead\project\project\release\crush_effect.obj
c:\users\yoshiki\documents\g016a1331\2年前期\tgs2017\widehead\project\project\release\charge.obj
c:\users\yoshiki\documents\g016a1331\2年前期\tgs2017\widehead\project\project\release\characterfactory.obj
c:\users\yoshiki\documents\g016a1331\2年前期\tgs2017\widehead\project\project\release\enemystatestopstandard.obj
c:\users\yoshiki\documents\g016a1331\2年前期\tgs2017\widehead\project\project\release\enemystatestoponlyintheback.obj
c:\users\yoshiki\documents\g016a1331\2年前期\tgs2017\widehead\project\project\release\enemystatespinstandard.obj
c:\users\yoshiki\documents\g016a1331\2年前期\tgs2017\widehead\project\project\release\enemystaterepel.obj
c:\users\yoshiki\documents\g016a1331\2年前期\tgs2017\widehead\project\project\release\enemystatemovestandard.obj
c:\users\yoshiki\documents\g016a1331\2年前期\tgs2017\widehead\project\project\release\enemystateidlestandard.obj
c:\users\yoshiki\documents\g016a1331\2年前期\tgs2017\widehead\project\project\release\csvreader.obj
c:\users\yoshiki\documents\g016a1331\2年前期\tgs2017\widehead\project\project\release\drawmanager.obj
c:\users\yoshiki\documents\g016a1331\2年前期\tgs2017\widehead\project\project\release\player_parameter.obj
c:\users\yoshiki\documents\g016a1331\2年前期\tgs2017\widehead\project\project\release\player.obj
c:\users\yoshiki\documents\g016a1331\2年前期\tgs2017\widehead\project\project\release\playerstate_round.obj
c:\users\yoshiki\documents\g016a1331\2年前期\tgs2017\widehead\project\project\release\playerstate_open.obj
c:\users\yoshiki\documents\g016a1331\2年前期\tgs2017\widehead\project\project\release\playerstate_o_walk.obj
c:\users\yoshiki\documents\g016a1331\2年前期\tgs2017\widehead\project\project\release\playerstate_o_movebase.obj
c:\users\yoshiki\documents\g016a1331\2年前期\tgs2017\widehead\project\project\release\playerstate_o_idle.obj
c:\users\yoshiki\documents\g016a1331\2年前期\tgs2017\widehead\project\project\release\playerstate_close.obj
c:\users\yoshiki\documents\g016a1331\2年前期\tgs2017\widehead\project\project\release\playerstate_walk.obj
c:\users\yoshiki\documents\g016a1331\2年前期\tgs2017\widehead\project\project\release\playerstate_movebase.obj
c:\users\yoshiki\documents\g016a1331\2年前期\tgs2017\widehead\project\project\release\playerstate_idle.obj
c:\users\yoshiki\documents\g016a1331\2年前期\tgs2017\widehead\project\project\release\playerstate_dash.obj
c:\users\yoshiki\documents\g016a1331\2年前期\tgs2017\widehead\project\project\release\playerstate_crush_after.obj
c:\users\yoshiki\documents\g016a1331\2年前期\tgs2017\widehead\project\project\release\playerstate_crush.obj
c:\users\yoshiki\documents\g016a1331\2年前期\tgs2017\widehead\project\project\release\playerstate_swich.obj
c:\users\yoshiki\documents\g016a1331\2年前期\tgs2017\widehead\project\project\release\playerstate_respawn.obj
c:\users\yoshiki\documents\g016a1331\2年前期\tgs2017\widehead\project\project\release\playerstate_release.obj
c:\users\yoshiki\documents\g016a1331\2年前期\tgs2017\widehead\project\project\release\playerstate_invincible.obj
c:\users\yoshiki\documents\g016a1331\2年前期\tgs2017\widehead\project\project\release\gameover.obj
c:\users\yoshiki\documents\g016a1331\2年前期\tgs2017\widehead\project\project\release\gamecredit.obj
c:\users\yoshiki\documents\g016a1331\2年前期\tgs2017\widehead\project\project\release\creditstart.obj
c:\users\yoshiki\documents\g016a1331\2年前期\tgs2017\widehead\project\project\release\creditstaging.obj
c:\users\yoshiki\documents\g016a1331\2年前期\tgs2017\widehead\project\project\release\creditend.obj
c:\users\yoshiki\documents\g016a1331\2年前期\tgs2017\widehead\project\project\release\bigblock2.obj
c:\users\yoshiki\documents\g016a1331\2年前期\tgs2017\widehead\project\project\release\zoomsprite.obj
c:\users\yoshiki\documents\g016a1331\2年前期\tgs2017\widehead\project\project\release\targetenemysprite.obj
c:\users\yoshiki\documents\g016a1331\2年前期\tgs2017\widehead\project\project\release\targetcircle.obj
c:\users\yoshiki\documents\g016a1331\2年前期\tgs2017\widehead\project\project\release\resultplayerstaging.obj
c:\users\yoshiki\documents\g016a1331\2年前期\tgs2017\widehead\project\project\release\guide.obj
c:\users\yoshiki\documents\g016a1331\2年前期\tgs2017\widehead\project\project\release\flashsprite.obj
c:\users\yoshiki\documents\g016a1331\2年前期\tgs2017\widehead\project\project\release\dropsprite.obj
c:\users\yoshiki\documents\g016a1331\2年前期\tgs2017\widehead\project\project\release\animationspritebase.obj
c:\users\yoshiki\documents\g016a1331\2年前期\tgs2017\widehead\project\project\release\animationfont.obj
c:\users\yoshiki\documents\g016a1331\2年前期\tgs2017\widehead\project\project\release\map.obj
c:\users\yoshiki\documents\g016a1331\2年前期\tgs2017\widehead\project\project\release\combinationtexture.obj
c:\users\yoshiki\documents\g016a1331\2年前期\tgs2017\widehead\project\project\release\mapgenerator.obj
c:\users\yoshiki\documents\g016a1331\2年前期\tgs2017\widehead\project\project\release\main.obj
c:\users\yoshiki\documents\g016a1331\2年前期\tgs2017\widehead\project\project\release\frontchiplist.obj
c:\users\yoshiki\documents\g016a1331\2年前期\tgs2017\widehead\project\project\release\scenechildmgr.obj
c:\users\yoshiki\documents\g016a1331\2年前期\tgs2017\widehead\project\project\release\gametutorialready.obj
c:\users\yoshiki\documents\g016a1331\2年前期\tgs2017\widehead\project\project\release\gametutorialplay.obj
c:\users\yoshiki\documents\g016a1331\2年前期\tgs2017\widehead\project\project\release\gametutorialpause.obj
c:\users\yoshiki\documents\g016a1331\2年前期\tgs2017\widehead\project\project\release\gametutorial.obj
c:\users\yoshiki\documents\g016a1331\2年前期\tgs2017\widehead\project\project\release\gametutorialclose.obj
c:\users\yoshiki\documents\g016a1331\2年前期\tgs2017\widehead\project\project\release\startlogoanimation.obj
c:\users\yoshiki\documents\g016a1331\2年前期\tgs2017\widehead\project\project\release\gametitleselect.obj
c:\users\yoshiki\documents\g016a1331\2年前期\tgs2017\widehead\project\project\release\gametitleready.obj
c:\users\yoshiki\documents\g016a1331\2年前期\tgs2017\widehead\project\project\release\gametitle.obj
c:\users\yoshiki\documents\g016a1331\2年前期\tgs2017\widehead\project\project\release\resultstart.obj
c:\users\yoshiki\documents\g016a1331\2年前期\tgs2017\widehead\project\project\release\resultstaging.obj
c:\users\yoshiki\documents\g016a1331\2年前期\tgs2017\widehead\project\project\release\resultend.obj
c:\users\yoshiki\documents\g016a1331\2年前期\tgs2017\widehead\project\project\release\gameresult.obj
c:\users\yoshiki\documents\g016a1331\2年前期\tgs2017\widehead\project\project\release\bigblock.obj
c:\users\yoshiki\documents\g016a1331\2年前期\tgs2017\widehead\project\project\release\gameplayready.obj
c:\users\yoshiki\documents\g016a1331\2年前期\tgs2017\widehead\project\project\release\gameplayplay.obj
c:\users\yoshiki\documents\g016a1331\2年前期\tgs2017\widehead\project\project\release\gameplaypause.obj
c:\users\yoshiki\documents\g016a1331\2年前期\tgs2017\widehead\project\project\release\gameplay.obj
c:\users\yoshiki\documents\g016a1331\2年前期\tgs2017\widehead\project\project\release\gameplayclose.obj
c:\users\yoshiki\documents\g016a1331\2年前期\tgs2017\widehead\project\project\release\sprite.obj
c:\users\yoshiki\documents\g016a1331\2年前期\tgs2017\widehead\project\project\release\selector.obj
c:\users\yoshiki\documents\g016a1331\2年前期\tgs2017\widehead\project\project\release\rank.obj
c:\users\yoshiki\documents\g016a1331\2年前期\tgs2017\widehead\project\project\release\numbercreator.obj
c:\users\yoshiki\documents\g016a1331\2年前期\tgs2017\widehead\project\project\release\number.obj
c:\users\yoshiki\documents\g016a1331\2年前期\tgs2017\widehead\project\project\release\combo.obj
c:\users\yoshiki\documents\g016a1331\2年前期\tgs2017\widehead\project\project\release\button.obj
c:\users\yoshiki\documents\g016a1331\2年前期\tgs2017\widehead\project\project\release\ui_base.obj
c:\users\yoshiki\documents\g016a1331\2年前期\tgs2017\widehead\project\project\release\tiledata.obj
c:\users\yoshiki\documents\g016a1331\2年前期\tgs2017\widehead\project\project\release\texture.obj
c:\users\yoshiki\documents\g016a1331\2年前期\tgs2017\widehead\project\project\release\numbertexture.obj
c:\users\yoshiki\documents\g016a1331\2年前期\tgs2017\widehead\project\project\release\texture_base.obj
c:\users\yoshiki\documents\g016a1331\2年前期\tgs2017\widehead\project\project\release\animationtexture.obj
c:\users\yoshiki\documents\g016a1331\2年前期\tgs2017\widehead\project\project\release\targetposition.obj
c:\users\yoshiki\documents\g016a1331\2年前期\tgs2017\widehead\project\project\release\transition.obj
c:\users\yoshiki\documents\g016a1331\2年前期\tgs2017\widehead\project\project\release\transitionmanager.obj
c:\users\yoshiki\documents\g016a1331\2年前期\tgs2017\widehead\project\project\release\scenetransition.obj
c:\users\yoshiki\documents\g016a1331\2年前期\tgs2017\widehead\project\project\release\scene.obj
c:\users\yoshiki\documents\g016a1331\2年前期\tgs2017\widehead\project\project\release\childscene.obj
c:\users\yoshiki\documents\g016a1331\2年前期\tgs2017\widehead\project\project\release\scenemanager.obj
c:\users\yoshiki\documents\g016a1331\2年前期\tgs2017\widehead\project\project\release\world.obj
c:\users\yoshiki\documents\g016a1331\2年前期\tgs2017\widehead\project\project\release\wall.obj
c:\users\yoshiki\documents\g016a1331\2年前期\tgs2017\widehead\project\project\release\breakwall.obj
c:\users\yoshiki\documents\g016a1331\2年前期\tgs2017\widehead\project\project\release\turndirection.obj
c:\users\yoshiki\documents\g016a1331\2年前期\tgs2017\widehead\project\project\release\texture2dparameter.obj
c:\users\yoshiki\documents\g016a1331\2年前期\tgs2017\widehead\project\project\release\texture2dparamfactory.obj
c:\users\yoshiki\documents\g016a1331\2年前期\tgs2017\widehead\project\project\release\score.obj
c:\users\yoshiki\documents\g016a1331\2年前期\tgs2017\widehead\project\project\release\renderer2d.obj
c:\users\yoshiki\documents\g016a1331\2年前期\tgs2017\widehead\project\project\release\mathsupport.obj
c:\users\yoshiki\documents\g016a1331\2年前期\tgs2017\widehead\project\project\release\inputstate.obj
c:\users\yoshiki\documents\g016a1331\2年前期\tgs2017\widehead\project\project\release\fourdirection.obj
c:\users\yoshiki\documents\g016a1331\2年前期\tgs2017\widehead\project\project\release\csvconverttdv.obj
c:\users\yoshiki\documents\g016a1331\2年前期\tgs2017\widehead\project\project\release\composite.obj
c:\users\yoshiki\documents\g016a1331\2年前期\tgs2017\widehead\project\project\release\iscollide2d.obj
c:\users\yoshiki\documents\g016a1331\2年前期\tgs2017\widehead\project\project\release\animation.obj
c:\users\yoshiki\documents\g016a1331\2年前期\tgs2017\widehead\project\project\release\uimanager.obj
c:\users\yoshiki\documents\g016a1331\2年前期\tgs2017\widehead\project\project\release\uicreator.obj
c:\users\yoshiki\documents\g016a1331\2年前期\tgs2017\widehead\project\project\release\spritecreator.obj
c:\users\yoshiki\documents\g016a1331\2年前期\tgs2017\widehead\project\release\project.exe
c:\users\yoshiki\documents\g016a1331\2年前期\tgs2017\widehead\project\release\project.ipdb
c:\users\yoshiki\documents\g016a1331\2年前期\tgs2017\widehead\project\release\project.iobj
c:\users\yoshiki\documents\g016a1331\2年前期\tgs2017\widehead\project\release\project.pdb
c:\users\yoshiki\documents\g016a1331\2年前期\tgs2017\widehead\project\project\release\project.tlog\cl.command.1.tlog
c:\users\yoshiki\documents\g016a1331\2年前期\tgs2017\widehead\project\project\release\project.tlog\cl.read.1.tlog
c:\users\yoshiki\documents\g016a1331\2年前期\tgs2017\widehead\project\project\release\project.tlog\cl.write.1.tlog
c:\users\yoshiki\documents\g016a1331\2年前期\tgs2017\widehead\project\project\release\project.tlog\link.command.1.tlog
c:\users\yoshiki\documents\g016a1331\2年前期\tgs2017\widehead\project\project\release\project.tlog\link.read.1.tlog
c:\users\yoshiki\documents\g016a1331\2年前期\tgs2017\widehead\project\project\release\project.tlog\link.write.1.tlog
